[23:47:22] [Client thread/INFO]: Setting user: Player131
[23:47:25] [Client thread/INFO]: LWJGL Version: 2.9.4
[23:47:28] [Client thread/INFO]: Reloading ResourceManager: Default, FMLFileResourcePack:Forge Mod Loader, FMLFileResourcePack:Minecraft Forge, FMLFileResourcePack:Big Bertha
[23:47:31] [Sound Library Loader/INFO]: Starting up SoundSystem...
[23:47:31] [Thread-8/INFO]: Initializing LWJGL OpenAL
[23:47:31] [Thread-8/INFO]: (The LWJGL binding of OpenAL.  For more information, see http://www.lwjgl.org)
[23:47:31] [Thread-8/INFO]: OpenAL initialized.
[23:47:31] [Sound Library Loader/INFO]: Sound engine started
[23:47:34] [Client thread/INFO]: Created: 16x16 textures-atlas
[23:47:36] [Client thread/INFO]: Reloading ResourceManager: Default, FMLFileResourcePack:Forge Mod Loader, FMLFileResourcePack:Minecraft Forge, FMLFileResourcePack:Big Bertha
[23:47:38] [Client thread/INFO]: SoundSystem shutting down...
[23:47:38] [Client thread/WARN]: Author: Paul Lamb, www.paulscode.com
[23:47:38] [Sound Library Loader/INFO]: Starting up SoundSystem...
[23:47:38] [Thread-10/INFO]: Initializing LWJGL OpenAL
[23:47:38] [Thread-10/INFO]: (The LWJGL binding of OpenAL.  For more information, see http://www.lwjgl.org)
[23:47:38] [Thread-10/INFO]: OpenAL initialized.
[23:47:38] [Sound Library Loader/INFO]: Sound engine started
[23:47:41] [Client thread/INFO]: Created: 1024x512 textures-atlas
[23:47:43] [Realms Notification Availability checker #1/INFO]: Could not authorize you against Realms server: Invalid session id
[23:47:48] [Server thread/INFO]: Starting integrated minecraft server version 1.9.4
[23:47:48] [Server thread/INFO]: Generating keypair
[23:47:49] [Server thread/INFO]: Preparing start region for level 0
[23:47:50] [Server thread/INFO]: Preparing spawn area: 45%
[23:47:50] [Server thread/INFO]: Changing view distance to 12, from 10
[23:47:51] [Server thread/INFO]: Player131[local:E:a86b1786] logged in with entity id 237 at (-184.221732629543, 66.53292827534491, 223.54241437395163)
[23:47:51] [Server thread/INFO]: Player131 joined the game
[23:47:52] [Server thread/INFO]: Saving and pausing game...
[23:47:52] [Server thread/INFO]: Saving chunks for level 'New World'/Overworld
[23:47:52] [Server thread/INFO]: Saving chunks for level 'New World'/Nether
[23:47:52] [Server thread/INFO]: Saving chunks for level 'New World'/The End
[23:47:52] [pool-2-thread-1/WARN]: Couldn't look up profile properties for com.mojang.authlib.GameProfile@578354c2[id=27903c96-6327-3ab4-9463-21017fd8955d,name=Player131,properties={},legacy=false]
com.mojang.authlib.exceptions.AuthenticationException: The client has sent too many requests within a certain amount of time
	at com.mojang.authlib.yggdrasil.YggdrasilAuthenticationService.makeRequest(YggdrasilAuthenticationService.java:65) ~[YggdrasilAuthenticationService.class:?]
	at com.mojang.authlib.yggdrasil.YggdrasilMinecraftSessionService.fillGameProfile(YggdrasilMinecraftSessionService.java:175) [YggdrasilMinecraftSessionService.class:?]
	at com.mojang.authlib.yggdrasil.YggdrasilMinecraftSessionService$1.load(YggdrasilMinecraftSessionService.java:59) [YggdrasilMinecraftSessionService$1.class:?]
	at com.mojang.authlib.yggdrasil.YggdrasilMinecraftSessionService$1.load(YggdrasilMinecraftSessionService.java:56) [YggdrasilMinecraftSessionService$1.class:?]
	at com.google.common.cache.LocalCache$LoadingValueReference.loadFuture(LocalCache.java:3524) [guava-17.0.jar:?]
	at com.google.common.cache.LocalCache$Segment.loadSync(LocalCache.java:2317) [guava-17.0.jar:?]
	at com.google.common.cache.LocalCache$Segment.lockedGetOrLoad(LocalCache.java:2280) [guava-17.0.jar:?]
	at com.google.common.cache.LocalCache$Segment.get(LocalCache.java:2195) [guava-17.0.jar:?]
	at com.google.common.cache.LocalCache.get(LocalCache.java:3934) [guava-17.0.jar:?]
	at com.google.common.cache.LocalCache.getOrLoad(LocalCache.java:3938) [guava-17.0.jar:?]
	at com.google.common.cache.LocalCache$LocalLoadingCache.get(LocalCache.java:4821) [guava-17.0.jar:?]
	at com.google.common.cache.LocalCache$LocalLoadingCache.getUnchecked(LocalCache.java:4827) [guava-17.0.jar:?]
	at com.mojang.authlib.yggdrasil.YggdrasilMinecraftSessionService.fillProfileProperties(YggdrasilMinecraftSessionService.java:165) [YggdrasilMinecraftSessionService.class:?]
	at net.minecraft.client.Minecraft.getProfileProperties(Minecraft.java:3041) [Minecraft.class:?]
	at net.minecraft.client.resources.SkinManager$3.run(SkinManager.java:131) [SkinManager$3.class:?]
	at java.util.concurrent.Executors$RunnableAdapter.call(Unknown Source) [?:1.8.0_91]
	at java.util.concurrent.FutureTask.run(Unknown Source) [?:1.8.0_91]
	at java.util.concurrent.ThreadPoolExecutor.runWorker(Unknown Source) [?:1.8.0_91]
	at java.util.concurrent.ThreadPoolExecutor$Worker.run(Unknown Source) [?:1.8.0_91]
	at java.lang.Thread.run(Unknown Source) [?:1.8.0_91]
[23:47:55] [Server thread/INFO]: <Player131> speech
[23:47:55] [Client thread/INFO]: [CHAT] <Player131> speech
[23:48:02] [Server thread/INFO]: <Player131> I am speaking many words
[23:48:02] [Client thread/INFO]: [CHAT] <Player131> I am speaking many words
[23:48:16] [Server thread/INFO]: <Player131> Are you Dyslexic
[23:48:16] [Client thread/INFO]: [CHAT] <Player131> Are you Dyslexic
[23:48:27] [Server thread/INFO]: <Player131> I have bad eyesight
[23:48:27] [Client thread/INFO]: [CHAT] <Player131> I have bad eyesight
[23:48:45] [Server thread/INFO]: Saving and pausing game...
[23:48:45] [Server thread/INFO]: Saving chunks for level 'New World'/Overworld
[23:48:45] [Server thread/INFO]: Saving chunks for level 'New World'/Nether
[23:48:45] [Server thread/INFO]: Saving chunks for level 'New World'/The End
[23:50:33] [Server thread/INFO]: <Player131> Here is a test of the Bertha Text To Speech System
[23:50:33] [Client thread/INFO]: [CHAT] <Player131> Here is a test of the Bertha Text To Speech System
[23:50:42] [Server thread/INFO]: <Player131> So far only the male voice works
[23:50:42] [Client thread/INFO]: [CHAT] <Player131> So far only the male voice works
[23:50:54] [Server thread/INFO]: <Player131> But soon we will be able to have a female voice too
[23:50:54] [Client thread/INFO]: [CHAT] <Player131> But soon we will be able to have a female voice too
[23:51:11] [Server thread/INFO]: <Player131> this will help dyslexic and visually impared players
[23:51:11] [Client thread/INFO]: [CHAT] <Player131> this will help dyslexic and visually impared players
[23:51:24] [Server thread/INFO]: Saving and pausing game...
[23:51:24] [Server thread/INFO]: Saving chunks for level 'New World'/Overworld
[23:51:24] [Server thread/INFO]: Saving chunks for level 'New World'/Nether
[23:51:24] [Server thread/INFO]: Saving chunks for level 'New World'/The End
[23:52:32] [Server thread/INFO]: <Player131> You will be able to choose the players you hear ingame through a simple command
[23:52:32] [Client thread/INFO]: [CHAT] <Player131> You will be able to choose the players you hear ingame through a simple command
[23:52:53] [Server thread/INFO]: <Player131> This will prevent your chat from being overflooded
[23:52:53] [Client thread/INFO]: [CHAT] <Player131> This will prevent your chat from being overflooded
[23:53:21] [Server thread/INFO]: <Player131> there will also be a queue to make sure the voice does not talk over itself
[23:53:21] [Client thread/INFO]: [CHAT] <Player131> there will also be a queue to make sure the voice does not talk over itself
[23:53:47] [Server thread/INFO]: <Player131> Here is a test of the Bertha Text To Speech System
[23:53:47] [Client thread/INFO]: [CHAT] <Player131> Here is a test of the Bertha Text To Speech System
[23:53:56] [Server thread/INFO]: <Player131> So far only the male voice works
[23:53:56] [Client thread/INFO]: [CHAT] <Player131> So far only the male voice works
[23:54:01] [Server thread/INFO]: <Player131> But soon we will be able to have a female voice too
[23:54:01] [Client thread/INFO]: [CHAT] <Player131> But soon we will be able to have a female voice too
[23:54:05] [Server thread/INFO]: <Player131> this will help dyslexic and visually impared players
[23:54:05] [Client thread/INFO]: [CHAT] <Player131> this will help dyslexic and visually impared players
[23:54:10] [Server thread/INFO]: <Player131> You will be able to choose the players you hear ingame through a simple command
[23:54:10] [Client thread/INFO]: [CHAT] <Player131> You will be able to choose the players you hear ingame through a simple command
[23:54:15] [Server thread/INFO]: <Player131> This will prevent your chat from being overflooded
[23:54:15] [Client thread/INFO]: [CHAT] <Player131> This will prevent your chat from being overflooded
